<?xml version="1.0" encoding="UTF-8"?>
<!-- Generated by org.testng.reporters.JUnitXMLReporter -->
<testsuite hostname="PAKU-BLR-01" ignored="0" name="TestNG  Concepts" tests="39" failures="2" timestamp="11 Oct 2021 18:32:46 GMT" time="57.734" errors="0">
  <testcase name="test" time="0.006" classname="TestNgConcepts.ExpectedExceptionInTestNG"/>
  <testcase name="sum" time="0.002" classname="TestNgConcepts.InvocationCount"/>
  <testcase name="sum" time="0.004" classname="TestNgConcepts.InvocationCount"/>
  <testcase name="sum" time="0.001" classname="TestNgConcepts.InvocationCount"/>
  <testcase name="sum" time="0.001" classname="TestNgConcepts.InvocationCount"/>
  <testcase name="sum" time="0.003" classname="TestNgConcepts.InvocationCount"/>
  <testcase name="sum" time="0.001" classname="TestNgConcepts.InvocationCount"/>
  <testcase name="sum" time="0.001" classname="TestNgConcepts.InvocationCount"/>
  <testcase name="sum" time="0.003" classname="TestNgConcepts.InvocationCount"/>
  <testcase name="sum" time="0.001" classname="TestNgConcepts.InvocationCount"/>
  <testcase name="sum" time="0.002" classname="TestNgConcepts.InvocationCount"/>
  <testcase name="sum" time="0.001" classname="TestNgConcepts.InvocationCount"/>
  <testcase name="sum" time="0.002" classname="TestNgConcepts.InvocationCount"/>
  <testcase name="sum" time="0.002" classname="TestNgConcepts.InvocationCount"/>
  <testcase name="sum" time="0.001" classname="TestNgConcepts.InvocationCount"/>
  <testcase name="sum" time="0.002" classname="TestNgConcepts.InvocationCount"/>
  <testcase name="sum" time="0.003" classname="TestNgConcepts.InvocationCount"/>
  <testcase name="sum" time="0.001" classname="TestNgConcepts.InvocationCount"/>
  <testcase name="sum" time="0.001" classname="TestNgConcepts.InvocationCount"/>
  <testcase name="sum" time="0.001" classname="TestNgConcepts.InvocationCount"/>
  <testcase name="sum" time="0.001" classname="TestNgConcepts.InvocationCount"/>
  <testcase name="test" time="0.016" classname="TestNgConcepts.InvocationTimeOutTest">
    <failure type="org.testng.internal.thread.ThreadTimeoutException" message="Method TestNgConcepts.InvocationTimeOutTest.test() didn&amp;apos;t finish within the time-out 2">
      <![CDATA[org.testng.internal.thread.ThreadTimeoutException: Method TestNgConcepts.InvocationTimeOutTest.test() didn't finish within the time-out 2
	at java.io.FileOutputStream.writeBytes(Native Method)
	at java.io.FileOutputStream.write(Unknown Source)
	at java.io.BufferedOutputStream.flushBuffer(Unknown Source)
	at java.io.BufferedOutputStream.flush(Unknown Source)
	at java.io.PrintStream.write(Unknown Source)
	at sun.nio.cs.StreamEncoder.writeBytes(Unknown Source)
	at sun.nio.cs.StreamEncoder.implFlushBuffer(Unknown Source)
	at sun.nio.cs.StreamEncoder.flushBuffer(Unknown Source)
	at java.io.OutputStreamWriter.flushBuffer(Unknown Source)
	at java.io.PrintStream.newLine(Unknown Source)
	at java.io.PrintStream.println(Unknown Source)
	at TestNgConcepts.InvocationTimeOutTest.test(InvocationTimeOutTest.java:13)
	at java.util.concurrent.Executors$RunnableAdapter.call(Unknown Source)
	at java.util.concurrent.FutureTask.run(Unknown Source)
	at java.util.concurrent.ThreadPoolExecutor.runWorker(Unknown Source)
	at java.util.concurrent.ThreadPoolExecutor$Worker.run(Unknown Source)
	at java.lang.Thread.run(Unknown Source)
... Removed 7 stack frames]]>
    </failure>
  </testcase> <!-- test -->
  <testcase name="googleTitleTest" time="0.003" classname="TestNgConcepts.TestNgAnnotations"/>
  <testcase name="googlelogoTest" time="0.001" classname="TestNgConcepts.TestNgAnnotations"/>
  <testcase name="googlesearch" time="0.004" classname="TestNgConcepts.TestNgAnnotations"/>
  <testcase name="loginTest" time="0.003" classname="TestNgConcepts.TestNgDependsOnMethod"/>
  <testcase name="HomePageTest" time="0.004" classname="TestNgConcepts.TestNgDependsOnMethod"/>
  <testcase name="RegPageTest" time="0.004" classname="TestNgConcepts.TestNgDependsOnMethod"/>
  <testcase name="SearchPageTest" time="0.002" classname="TestNgConcepts.TestNgDependsOnMethod"/>
  <testcase name="titleTest" time="0.021" classname="TestNgConcepts.AnnotationsGoogleTest"/>
  <testcase name="titleTest" time="0.021" classname="TestNgConcepts.AssertionsInTestNG">
    <failure type="java.lang.AssertionError" message="Title is not mached expected [Google123] but found [Google]">
      <![CDATA[java.lang.AssertionError: Title is not mached expected [Google123] but found [Google]
	at TestNgConcepts.AssertionsInTestNG.titleTest(AssertionsInTestNG.java:31)
... Removed 30 stack frames]]>
    </failure>
  </testcase> <!-- titleTest -->
  <testcase name="linkTest" time="0.147" classname="TestNgConcepts.AnnotationsGoogleTest"/>
  <testcase name="logoTest" time="0.11" classname="TestNgConcepts.AnnotationsGoogleTest"/>
  <testcase name="logoTest" time="0.127" classname="TestNgConcepts.AssertionsInTestNG"/>
  <testcase name="test1" time="0.024" classname="TestNgConcepts.AnnotationsGoogleTest"/>
  <testcase name="test2" time="0.006" classname="TestNgConcepts.AnnotationsGoogleTest"/>
  <testcase name="test3" time="0.013" classname="TestNgConcepts.AnnotationsGoogleTest"/>
  <testcase name="test4" time="0.011" classname="TestNgConcepts.AnnotationsGoogleTest"/>
  <testcase name="test5" time="0.001" classname="TestNgConcepts.AnnotationsGoogleTest"/>
</testsuite> <!-- TestNG  Concepts -->
