<html>
<head>
<title>TestNG:  TestNG  Concepts</title>
<link href="../testng.css" rel="stylesheet" type="text/css" />
<link href="../my-testng.css" rel="stylesheet" type="text/css" />

<style type="text/css">
.log { display: none;} 
.stack-trace { display: none;} 
</style>
<script type="text/javascript">
<!--
function flip(e) {
  current = e.style.display;
  if (current == 'block') {
    e.style.display = 'none';
    return 0;
  }
  else {
    e.style.display = 'block';
    return 1;
  }
}

function toggleBox(szDivId, elem, msg1, msg2)
{
  var res = -1;  if (document.getElementById) {
    res = flip(document.getElementById(szDivId));
  }
  else if (document.all) {
    // this is the way old msie versions work
    res = flip(document.all[szDivId]);
  }
  if(elem) {
    if(res == 0) elem.innerHTML = msg1; else elem.innerHTML = msg2;
  }

}

function toggleAllBoxes() {
  if (document.getElementsByTagName) {
    d = document.getElementsByTagName('div');
    for (i = 0; i < d.length; i++) {
      if (d[i].className == 'log') {
        flip(d[i]);
      }
    }
  }
}

// -->
</script>

</head>
<body>
<h2 align='center'>TestNG  Concepts</h2><table border='1' align="center">
<tr>
<td>Tests passed/Failed/Skipped:</td><td>37/2/0</td>
</tr><tr>
<td>Started on:</td><td>Tue Oct 12 00:01:48 IST 2021</td>
</tr>
<tr><td>Total time:</td><td>57 seconds (57734 ms)</td>
</tr><tr>
<td>Included groups:</td><td></td>
</tr><tr>
<td>Excluded groups:</td><td></td>
</tr>
</table><p/>
<small><i>(Hover the method name to see the test class name)</i></small><p/>
<table width='100%' border='1' class='invocation-failed'>
<tr><td colspan='4' align='center'><b>FAILED TESTS</b></td></tr>
<tr><td><b>Test method</b></td>
<td width="30%"><b>Exception</b></td>
<td width="10%"><b>Time (seconds)</b></td>
<td><b>Instance</b></td>
</tr>
<tr>
<td title='TestNgConcepts.InvocationTimeOutTest.test()'><b>test</b><br>Test class: TestNgConcepts.InvocationTimeOutTest</td>
<td><div><pre>org.testng.internal.thread.ThreadTimeoutException: Method TestNgConcepts.InvocationTimeOutTest.test() didn&apos;t finish within the time-out 2
	at java.io.FileOutputStream.writeBytes(Native Method)
	at java.io.FileOutputStream.write(Unknown Source)
	at java.io.BufferedOutputStream.flushBuffer(Unknown Source)
	at java.io.BufferedOutputStream.flush(Unknown Source)
	at java.io.PrintStream.write(Unknown Source)
	at sun.nio.cs.StreamEncoder.writeBytes(Unknown Source)
	at sun.nio.cs.StreamEncoder.implFlushBuffer(Unknown Source)
	at sun.nio.cs.StreamEncoder.flushBuffer(Unknown Source)
	at java.io.OutputStreamWriter.flushBuffer(Unknown Source)
	at java.io.PrintStream.newLine(Unknown Source)
	at java.io.PrintStream.println(Unknown Source)
	at TestNgConcepts.InvocationTimeOutTest.test(InvocationTimeOutTest.java:13)
	at java.util.concurrent.Executors$RunnableAdapter.call(Unknown Source)
	at java.util.concurrent.FutureTask.run(Unknown Source)
	at java.util.concurrent.ThreadPoolExecutor.runWorker(Unknown Source)
	at java.util.concurrent.ThreadPoolExecutor$Worker.run(Unknown Source)
	at java.lang.Thread.run(Unknown Source)
... Removed 7 stack frames</pre></div><a href='#' onClick='toggleBox("stack-trace1188753216", this, "Click to show all stack frames", "Click to hide stack frames")'>Click to show all stack frames</a>
<div class='stack-trace' id='stack-trace1188753216'><pre>org.testng.internal.thread.ThreadTimeoutException: Method TestNgConcepts.InvocationTimeOutTest.test() didn&apos;t finish within the time-out 2
	at java.io.FileOutputStream.writeBytes(Native Method)
	at java.io.FileOutputStream.write(Unknown Source)
	at java.io.BufferedOutputStream.flushBuffer(Unknown Source)
	at java.io.BufferedOutputStream.flush(Unknown Source)
	at java.io.PrintStream.write(Unknown Source)
	at sun.nio.cs.StreamEncoder.writeBytes(Unknown Source)
	at sun.nio.cs.StreamEncoder.implFlushBuffer(Unknown Source)
	at sun.nio.cs.StreamEncoder.flushBuffer(Unknown Source)
	at java.io.OutputStreamWriter.flushBuffer(Unknown Source)
	at java.io.PrintStream.newLine(Unknown Source)
	at java.io.PrintStream.println(Unknown Source)
	at TestNgConcepts.InvocationTimeOutTest.test(InvocationTimeOutTest.java:13)
	at sun.reflect.NativeMethodAccessorImpl.invoke0(Native Method)
	at sun.reflect.NativeMethodAccessorImpl.invoke(Unknown Source)
	at sun.reflect.DelegatingMethodAccessorImpl.invoke(Unknown Source)
	at java.lang.reflect.Method.invoke(Unknown Source)
	at org.testng.internal.MethodInvocationHelper.invokeMethod(MethodInvocationHelper.java:104)
	at org.testng.internal.InvokeMethodRunnable.runOne(InvokeMethodRunnable.java:54)
	at org.testng.internal.InvokeMethodRunnable.run(InvokeMethodRunnable.java:40)
	at java.util.concurrent.Executors$RunnableAdapter.call(Unknown Source)
	at java.util.concurrent.FutureTask.run(Unknown Source)
	at java.util.concurrent.ThreadPoolExecutor.runWorker(Unknown Source)
	at java.util.concurrent.ThreadPoolExecutor$Worker.run(Unknown Source)
	at java.lang.Thread.run(Unknown Source)
</pre></div></td>
<td>0</td>
<td>TestNgConcepts.InvocationTimeOutTest@7791a895</td></tr>
<tr>
<td title='TestNgConcepts.AssertionsInTestNG.titleTest()'><b>titleTest</b><br>Test class: TestNgConcepts.AssertionsInTestNG</td>
<td><div><pre>java.lang.AssertionError: Title is not mached expected [Google123] but found [Google]
	at TestNgConcepts.AssertionsInTestNG.titleTest(AssertionsInTestNG.java:31)
... Removed 30 stack frames</pre></div><a href='#' onClick='toggleBox("stack-trace728943498", this, "Click to show all stack frames", "Click to hide stack frames")'>Click to show all stack frames</a>
<div class='stack-trace' id='stack-trace728943498'><pre>java.lang.AssertionError: Title is not mached expected [Google123] but found [Google]
	at org.testng.Assert.fail(Assert.java:94)
	at org.testng.Assert.failNotEquals(Assert.java:513)
	at org.testng.Assert.assertEqualsImpl(Assert.java:135)
	at org.testng.Assert.assertEquals(Assert.java:116)
	at org.testng.Assert.assertEquals(Assert.java:190)
	at TestNgConcepts.AssertionsInTestNG.titleTest(AssertionsInTestNG.java:31)
	at sun.reflect.NativeMethodAccessorImpl.invoke0(Native Method)
	at sun.reflect.NativeMethodAccessorImpl.invoke(Unknown Source)
	at sun.reflect.DelegatingMethodAccessorImpl.invoke(Unknown Source)
	at java.lang.reflect.Method.invoke(Unknown Source)
	at org.testng.internal.MethodInvocationHelper.invokeMethod(MethodInvocationHelper.java:104)
	at org.testng.internal.Invoker.invokeMethod(Invoker.java:645)
	at org.testng.internal.Invoker.invokeTestMethod(Invoker.java:851)
	at org.testng.internal.Invoker.invokeTestMethods(Invoker.java:1177)
	at org.testng.internal.TestMethodWorker.invokeTestMethods(TestMethodWorker.java:129)
	at org.testng.internal.TestMethodWorker.run(TestMethodWorker.java:112)
	at org.testng.TestRunner.privateRun(TestRunner.java:756)
	at org.testng.TestRunner.run(TestRunner.java:610)
	at org.testng.SuiteRunner.runTest(SuiteRunner.java:387)
	at org.testng.SuiteRunner.runSequentially(SuiteRunner.java:382)
	at org.testng.SuiteRunner.privateRun(SuiteRunner.java:340)
	at org.testng.SuiteRunner.run(SuiteRunner.java:289)
	at org.testng.SuiteRunnerWorker.runSuite(SuiteRunnerWorker.java:52)
	at org.testng.SuiteRunnerWorker.run(SuiteRunnerWorker.java:86)
	at org.testng.TestNG.runSuitesSequentially(TestNG.java:1293)
	at org.testng.TestNG.runSuitesLocally(TestNG.java:1218)
	at org.testng.TestNG.runSuites(TestNG.java:1133)
	at org.testng.TestNG.run(TestNG.java:1104)
	at org.testng.remote.AbstractRemoteTestNG.run(AbstractRemoteTestNG.java:132)
	at org.testng.remote.RemoteTestNG.initAndRun(RemoteTestNG.java:236)
	at org.testng.remote.RemoteTestNG.main(RemoteTestNG.java:81)
</pre></div></td>
<td>0</td>
<td>TestNgConcepts.AssertionsInTestNG@369f73a2</td></tr>
</table><p>
<table width='100%' border='1' class='invocation-passed'>
<tr><td colspan='4' align='center'><b>PASSED TESTS</b></td></tr>
<tr><td><b>Test method</b></td>
<td width="30%"><b>Exception</b></td>
<td width="10%"><b>Time (seconds)</b></td>
<td><b>Instance</b></td>
</tr>
<tr>
<td title='TestNgConcepts.TestNgDependsOnMethod.HomePageTest()'><b>HomePageTest</b><br>Test class: TestNgConcepts.TestNgDependsOnMethod</td>
<td></td>
<td>0</td>
<td>TestNgConcepts.TestNgDependsOnMethod@3a5ed7a6</td></tr>
<tr>
<td title='TestNgConcepts.TestNgDependsOnMethod.RegPageTest()'><b>RegPageTest</b><br>Test class: TestNgConcepts.TestNgDependsOnMethod</td>
<td></td>
<td>0</td>
<td>TestNgConcepts.TestNgDependsOnMethod@3a5ed7a6</td></tr>
<tr>
<td title='TestNgConcepts.TestNgDependsOnMethod.SearchPageTest()'><b>SearchPageTest</b><br>Test class: TestNgConcepts.TestNgDependsOnMethod</td>
<td></td>
<td>0</td>
<td>TestNgConcepts.TestNgDependsOnMethod@3a5ed7a6</td></tr>
<tr>
<td title='TestNgConcepts.TestNgAnnotations.googleTitleTest()'><b>googleTitleTest</b><br>Test class: TestNgConcepts.TestNgAnnotations</td>
<td></td>
<td>0</td>
<td>TestNgConcepts.TestNgAnnotations@4b4523f8</td></tr>
<tr>
<td title='TestNgConcepts.TestNgAnnotations.googlelogoTest()'><b>googlelogoTest</b><br>Test class: TestNgConcepts.TestNgAnnotations</td>
<td></td>
<td>0</td>
<td>TestNgConcepts.TestNgAnnotations@4b4523f8</td></tr>
<tr>
<td title='TestNgConcepts.TestNgAnnotations.googlesearch()'><b>googlesearch</b><br>Test class: TestNgConcepts.TestNgAnnotations</td>
<td></td>
<td>0</td>
<td>TestNgConcepts.TestNgAnnotations@4b4523f8</td></tr>
<tr>
<td title='TestNgConcepts.AnnotationsGoogleTest.linkTest()'><b>linkTest</b><br>Test class: TestNgConcepts.AnnotationsGoogleTest</td>
<td></td>
<td>0</td>
<td>TestNgConcepts.AnnotationsGoogleTest@731a74c</td></tr>
<tr>
<td title='TestNgConcepts.TestNgDependsOnMethod.loginTest()'><b>loginTest</b><br>Test class: TestNgConcepts.TestNgDependsOnMethod</td>
<td></td>
<td>0</td>
<td>TestNgConcepts.TestNgDependsOnMethod@3a5ed7a6</td></tr>
<tr>
<td title='TestNgConcepts.AnnotationsGoogleTest.logoTest()'><b>logoTest</b><br>Test class: TestNgConcepts.AnnotationsGoogleTest</td>
<td></td>
<td>0</td>
<td>TestNgConcepts.AnnotationsGoogleTest@731a74c</td></tr>
<tr>
<td title='TestNgConcepts.AssertionsInTestNG.logoTest()'><b>logoTest</b><br>Test class: TestNgConcepts.AssertionsInTestNG</td>
<td></td>
<td>0</td>
<td>TestNgConcepts.AssertionsInTestNG@369f73a2</td></tr>
<tr>
<td title='TestNgConcepts.InvocationCount.sum()'><b>sum</b><br>Test class: TestNgConcepts.InvocationCount</td>
<td></td>
<td>0</td>
<td>TestNgConcepts.InvocationCount@7d907bac</td></tr>
<tr>
<td title='TestNgConcepts.InvocationCount.sum()'><b>sum</b><br>Test class: TestNgConcepts.InvocationCount</td>
<td></td>
<td>0</td>
<td>TestNgConcepts.InvocationCount@7d907bac</td></tr>
<tr>
<td title='TestNgConcepts.InvocationCount.sum()'><b>sum</b><br>Test class: TestNgConcepts.InvocationCount</td>
<td></td>
<td>0</td>
<td>TestNgConcepts.InvocationCount@7d907bac</td></tr>
<tr>
<td title='TestNgConcepts.InvocationCount.sum()'><b>sum</b><br>Test class: TestNgConcepts.InvocationCount</td>
<td></td>
<td>0</td>
<td>TestNgConcepts.InvocationCount@7d907bac</td></tr>
<tr>
<td title='TestNgConcepts.InvocationCount.sum()'><b>sum</b><br>Test class: TestNgConcepts.InvocationCount</td>
<td></td>
<td>0</td>
<td>TestNgConcepts.InvocationCount@7d907bac</td></tr>
<tr>
<td title='TestNgConcepts.InvocationCount.sum()'><b>sum</b><br>Test class: TestNgConcepts.InvocationCount</td>
<td></td>
<td>0</td>
<td>TestNgConcepts.InvocationCount@7d907bac</td></tr>
<tr>
<td title='TestNgConcepts.InvocationCount.sum()'><b>sum</b><br>Test class: TestNgConcepts.InvocationCount</td>
<td></td>
<td>0</td>
<td>TestNgConcepts.InvocationCount@7d907bac</td></tr>
<tr>
<td title='TestNgConcepts.InvocationCount.sum()'><b>sum</b><br>Test class: TestNgConcepts.InvocationCount</td>
<td></td>
<td>0</td>
<td>TestNgConcepts.InvocationCount@7d907bac</td></tr>
<tr>
<td title='TestNgConcepts.InvocationCount.sum()'><b>sum</b><br>Test class: TestNgConcepts.InvocationCount</td>
<td></td>
<td>0</td>
<td>TestNgConcepts.InvocationCount@7d907bac</td></tr>
<tr>
<td title='TestNgConcepts.InvocationCount.sum()'><b>sum</b><br>Test class: TestNgConcepts.InvocationCount</td>
<td></td>
<td>0</td>
<td>TestNgConcepts.InvocationCount@7d907bac</td></tr>
<tr>
<td title='TestNgConcepts.InvocationCount.sum()'><b>sum</b><br>Test class: TestNgConcepts.InvocationCount</td>
<td></td>
<td>0</td>
<td>TestNgConcepts.InvocationCount@7d907bac</td></tr>
<tr>
<td title='TestNgConcepts.InvocationCount.sum()'><b>sum</b><br>Test class: TestNgConcepts.InvocationCount</td>
<td></td>
<td>0</td>
<td>TestNgConcepts.InvocationCount@7d907bac</td></tr>
<tr>
<td title='TestNgConcepts.InvocationCount.sum()'><b>sum</b><br>Test class: TestNgConcepts.InvocationCount</td>
<td></td>
<td>0</td>
<td>TestNgConcepts.InvocationCount@7d907bac</td></tr>
<tr>
<td title='TestNgConcepts.InvocationCount.sum()'><b>sum</b><br>Test class: TestNgConcepts.InvocationCount</td>
<td></td>
<td>0</td>
<td>TestNgConcepts.InvocationCount@7d907bac</td></tr>
<tr>
<td title='TestNgConcepts.InvocationCount.sum()'><b>sum</b><br>Test class: TestNgConcepts.InvocationCount</td>
<td></td>
<td>0</td>
<td>TestNgConcepts.InvocationCount@7d907bac</td></tr>
<tr>
<td title='TestNgConcepts.InvocationCount.sum()'><b>sum</b><br>Test class: TestNgConcepts.InvocationCount</td>
<td></td>
<td>0</td>
<td>TestNgConcepts.InvocationCount@7d907bac</td></tr>
<tr>
<td title='TestNgConcepts.InvocationCount.sum()'><b>sum</b><br>Test class: TestNgConcepts.InvocationCount</td>
<td></td>
<td>0</td>
<td>TestNgConcepts.InvocationCount@7d907bac</td></tr>
<tr>
<td title='TestNgConcepts.InvocationCount.sum()'><b>sum</b><br>Test class: TestNgConcepts.InvocationCount</td>
<td></td>
<td>0</td>
<td>TestNgConcepts.InvocationCount@7d907bac</td></tr>
<tr>
<td title='TestNgConcepts.InvocationCount.sum()'><b>sum</b><br>Test class: TestNgConcepts.InvocationCount</td>
<td></td>
<td>0</td>
<td>TestNgConcepts.InvocationCount@7d907bac</td></tr>
<tr>
<td title='TestNgConcepts.InvocationCount.sum()'><b>sum</b><br>Test class: TestNgConcepts.InvocationCount</td>
<td></td>
<td>0</td>
<td>TestNgConcepts.InvocationCount@7d907bac</td></tr>
<tr>
<td title='TestNgConcepts.ExpectedExceptionInTestNG.test()'><b>test</b><br>Test class: TestNgConcepts.ExpectedExceptionInTestNG</td>
<td><div><pre>java.lang.NumberFormatException: For input string: &quot;10A&quot;
	at java.lang.NumberFormatException.forInputString(Unknown Source)
	at java.lang.Integer.parseInt(Unknown Source)
	at java.lang.Integer.parseInt(Unknown Source)
	at TestNgConcepts.ExpectedExceptionInTestNG.test(ExpectedExceptionInTestNG.java:11)
... Removed 25 stack frames</pre></div><a href='#' onClick='toggleBox("stack-trace1032986144", this, "Click to show all stack frames", "Click to hide stack frames")'>Click to show all stack frames</a>
<div class='stack-trace' id='stack-trace1032986144'><pre>java.lang.NumberFormatException: For input string: &quot;10A&quot;
	at java.lang.NumberFormatException.forInputString(Unknown Source)
	at java.lang.Integer.parseInt(Unknown Source)
	at java.lang.Integer.parseInt(Unknown Source)
	at TestNgConcepts.ExpectedExceptionInTestNG.test(ExpectedExceptionInTestNG.java:11)
	at sun.reflect.NativeMethodAccessorImpl.invoke0(Native Method)
	at sun.reflect.NativeMethodAccessorImpl.invoke(Unknown Source)
	at sun.reflect.DelegatingMethodAccessorImpl.invoke(Unknown Source)
	at java.lang.reflect.Method.invoke(Unknown Source)
	at org.testng.internal.MethodInvocationHelper.invokeMethod(MethodInvocationHelper.java:104)
	at org.testng.internal.Invoker.invokeMethod(Invoker.java:645)
	at org.testng.internal.Invoker.invokeTestMethod(Invoker.java:851)
	at org.testng.internal.Invoker.invokeTestMethods(Invoker.java:1177)
	at org.testng.internal.TestMethodWorker.invokeTestMethods(TestMethodWorker.java:129)
	at org.testng.internal.TestMethodWorker.run(TestMethodWorker.java:112)
	at org.testng.TestRunner.privateRun(TestRunner.java:756)
	at org.testng.TestRunner.run(TestRunner.java:610)
	at org.testng.SuiteRunner.runTest(SuiteRunner.java:387)
	at org.testng.SuiteRunner.runSequentially(SuiteRunner.java:382)
	at org.testng.SuiteRunner.privateRun(SuiteRunner.java:340)
	at org.testng.SuiteRunner.run(SuiteRunner.java:289)
	at org.testng.SuiteRunnerWorker.runSuite(SuiteRunnerWorker.java:52)
	at org.testng.SuiteRunnerWorker.run(SuiteRunnerWorker.java:86)
	at org.testng.TestNG.runSuitesSequentially(TestNG.java:1293)
	at org.testng.TestNG.runSuitesLocally(TestNG.java:1218)
	at org.testng.TestNG.runSuites(TestNG.java:1133)
	at org.testng.TestNG.run(TestNG.java:1104)
	at org.testng.remote.AbstractRemoteTestNG.run(AbstractRemoteTestNG.java:132)
	at org.testng.remote.RemoteTestNG.initAndRun(RemoteTestNG.java:236)
	at org.testng.remote.RemoteTestNG.main(RemoteTestNG.java:81)
</pre></div></td>
<td>0</td>
<td>TestNgConcepts.ExpectedExceptionInTestNG@1f28c152</td></tr>
<tr>
<td title='TestNgConcepts.AnnotationsGoogleTest.test1()'><b>test1</b><br>Test class: TestNgConcepts.AnnotationsGoogleTest</td>
<td></td>
<td>0</td>
<td>TestNgConcepts.AnnotationsGoogleTest@731a74c</td></tr>
<tr>
<td title='TestNgConcepts.AnnotationsGoogleTest.test2()'><b>test2</b><br>Test class: TestNgConcepts.AnnotationsGoogleTest</td>
<td></td>
<td>0</td>
<td>TestNgConcepts.AnnotationsGoogleTest@731a74c</td></tr>
<tr>
<td title='TestNgConcepts.AnnotationsGoogleTest.test3()'><b>test3</b><br>Test class: TestNgConcepts.AnnotationsGoogleTest</td>
<td></td>
<td>0</td>
<td>TestNgConcepts.AnnotationsGoogleTest@731a74c</td></tr>
<tr>
<td title='TestNgConcepts.AnnotationsGoogleTest.test4()'><b>test4</b><br>Test class: TestNgConcepts.AnnotationsGoogleTest</td>
<td></td>
<td>0</td>
<td>TestNgConcepts.AnnotationsGoogleTest@731a74c</td></tr>
<tr>
<td title='TestNgConcepts.AnnotationsGoogleTest.test5()'><b>test5</b><br>Test class: TestNgConcepts.AnnotationsGoogleTest</td>
<td></td>
<td>0</td>
<td>TestNgConcepts.AnnotationsGoogleTest@731a74c</td></tr>
<tr>
<td title='TestNgConcepts.AnnotationsGoogleTest.titleTest()'><b>titleTest</b><br>Test class: TestNgConcepts.AnnotationsGoogleTest</td>
<td></td>
<td>0</td>
<td>TestNgConcepts.AnnotationsGoogleTest@731a74c</td></tr>
</table><p>
</body>
</html>